[dotenv@17.2.2] injecting env (0) from .env -- tip: ⚙️  suppress all logs with { quiet: true }
MongoDB connected
Server running on :5001
[0mGET /api/health [32m200[0m 1.065 ms - 15[0m
[0mPOST /api/auth/login [32m200[0m 68.959 ms - 299[0m
[0mGET /api/menu [36m304[0m 21.682 ms - -[0m
[0mGET /api/menu [36m304[0m 6.029 ms - -[0m
[0mPOST /api/orders [32m200[0m 20.806 ms - 424[0m
[0mPOST /api/auth/login [32m200[0m 97.816 ms - 299[0m
[0mGET /api/admin/orders [33m401[0m 0.915 ms - 27[0m
[0mGET /api/menu [36m304[0m 9.261 ms - -[0m
[0mGET /api/menu [36m304[0m 6.135 ms - -[0m
[0mGET /api/admin/orders [33m401[0m 0.781 ms - 27[0m
[0mGET /api/admin/orders [33m401[0m 0.452 ms - 27[0m
[0mGET /api/admin/orders [33m401[0m 0.851 ms - 27[0m
[0mGET /api/admin/orders [33m401[0m 0.350 ms - 27[0m
[0mGET /api/admin/orders [33m401[0m 0.317 ms - 27[0m
[0mGET /api/admin/orders [33m401[0m 0.309 ms - 27[0m
[0mGET /api/admin/orders [33m401[0m 0.627 ms - 27[0m
[0mGET /api/admin/orders [33m401[0m 0.419 ms - 27[0m
[0mGET /api/admin/orders [33m401[0m 0.492 ms - 27[0m
[0mGET /api/menu [36m304[0m 10.492 ms - -[0m
[0mGET /api/menu [36m304[0m 6.079 ms - -[0m
[0mGET /api/admin/orders [33m401[0m 0.649 ms - 27[0m
[0mGET /api/admin/orders [33m401[0m 0.488 ms - 27[0m
[0mGET /api/admin/orders [33m401[0m 0.333 ms - 27[0m
Socket connected 41PQh_Uo0hItSiBGAAAC
[0mGET /api/admin/orders [33m401[0m 0.284 ms - 27[0m
[0mPOST /api/orders [32m200[0m 7.845 ms - 262[0m
[0mGET /api/admin/orders [33m401[0m 0.481 ms - 27[0m
Socket disconnected 41PQh_Uo0hItSiBGAAAC
[0mGET /api/admin/orders [33m401[0m 0.251 ms - 27[0m
[0mGET /api/admin/orders [33m401[0m 0.192 ms - 27[0m
Socket connected c7xySnchGT8Kdxn8AAAF
Socket disconnected c7xySnchGT8Kdxn8AAAF
[0mGET /api/admin/tables [33m401[0m 0.339 ms - 27[0m
[0mGET /api/admin/tables [33m401[0m 0.308 ms - 27[0m
[0mGET /api/admin/categories [33m401[0m 0.368 ms - 27[0m
[0mGET /api/admin/categories [33m401[0m 0.214 ms - 27[0m
[0mGET /api/admin/tables [33m401[0m 0.737 ms - 27[0m
[0mGET /api/admin/tables [33m401[0m 0.305 ms - 27[0m
[0mPOST /api/admin/tables [33m401[0m 0.585 ms - 27[0m
[0mPOST /api/admin/tables [33m401[0m 0.771 ms - 27[0m
[0mGET /api/admin/categories [33m401[0m 0.383 ms - 27[0m
[0mGET /api/admin/categories [33m401[0m 0.432 ms - 27[0m
[0mGET /api/admin/tables [33m401[0m 0.304 ms - 27[0m
[0mGET /api/admin/tables [33m401[0m 0.303 ms - 27[0m
[0mGET /api/admin/orders [33m401[0m 0.303 ms - 27[0m
Socket connected rdlCfSjBgpz2pZ7mAAAI
[0mGET /api/admin/orders [33m401[0m 0.219 ms - 27[0m
[0mGET /api/admin/orders?status=pending [33m401[0m 0.624 ms - 27[0m
Socket disconnected rdlCfSjBgpz2pZ7mAAAI
[0mGET /api/admin/products [33m401[0m 0.356 ms - 27[0m
[0mGET /api/admin/categories [33m401[0m 0.154 ms - 27[0m
[0mGET /api/admin/products [33m401[0m 0.109 ms - 27[0m
[0mGET /api/admin/categories [33m401[0m 0.097 ms - 27[0m
[0mGET /api/admin/orders [33m401[0m 0.409 ms - 27[0m
[0mGET /api/admin/orders [33m401[0m 0.205 ms - 27[0m
[0mGET /api/admin/products [33m401[0m 0.336 ms - 27[0m
[0mGET /api/admin/categories [33m401[0m 0.507 ms - 27[0m
[0mGET /api/admin/products [33m401[0m 0.171 ms - 27[0m
[0mGET /api/admin/categories [33m401[0m 0.228 ms - 27[0m
[0mPOST /api/admin/products [33m401[0m 0.310 ms - 27[0m
[0mPOST /api/admin/products [33m401[0m 0.557 ms - 27[0m
[0mPOST /api/admin/products [33m401[0m 0.502 ms - 27[0m
[0mPOST /api/admin/products [33m401[0m 0.750 ms - 27[0m
[0mGET /api/admin/orders [33m401[0m 1.131 ms - 27[0m
[0mGET /api/admin/orders [33m401[0m 1.026 ms - 27[0m
[0mGET /api/admin/products [33m401[0m 0.539 ms - 27[0m
[0mGET /api/admin/categories [33m401[0m 0.196 ms - 27[0m
[0mGET /api/admin/products [33m401[0m 0.233 ms - 27[0m
[0mGET /api/admin/categories [33m401[0m 0.178 ms - 27[0m
[0mGET /api/admin/products [33m401[0m 0.320 ms - 27[0m
[0mGET /api/admin/categories [33m401[0m 0.222 ms - 27[0m
[0mGET /api/admin/products [33m401[0m 2.133 ms - 27[0m
[0mGET /api/admin/categories [33m401[0m 0.244 ms - 27[0m
[0mGET /api/admin/products [33m401[0m 0.312 ms - 27[0m
[0mGET /api/admin/categories [33m401[0m 0.226 ms - 27[0m
[0mGET /api/admin/products [33m401[0m 0.134 ms - 27[0m
[0mGET /api/admin/categories [33m401[0m 0.155 ms - 27[0m
[0mGET /api/admin/products [33m401[0m 0.341 ms - 27[0m
[0mGET /api/admin/categories [33m401[0m 0.359 ms - 27[0m
[0mGET /api/admin/products [33m401[0m 0.313 ms - 27[0m
[0mGET /api/admin/categories [33m401[0m 0.307 ms - 27[0m
[0mPOST /api/auth/login [32m200[0m 99.141 ms - 299[0m
[0mGET /api/admin/orders [33m401[0m 0.164 ms - 27[0m
[0mGET /api/admin/orders [33m401[0m 0.267 ms - 27[0m
[0mGET /api/menu [36m304[0m 5.562 ms - -[0m
[0mGET /api/menu [36m304[0m 5.172 ms - -[0m
[0mGET /api/menu [36m304[0m 5.480 ms - -[0m
[0mGET /api/menu [36m304[0m 5.966 ms - -[0m
[0mGET /api/menu [36m304[0m 6.390 ms - -[0m
[0mPOST /api/orders [32m200[0m 6.496 ms - 421[0m
[0mGET /api/admin/orders [33m401[0m 0.447 ms - 27[0m
[0mGET /api/admin/orders [33m401[0m 0.178 ms - 27[0m
[0mGET /api/admin/orders [33m401[0m 0.877 ms - 27[0m
[0mGET /api/admin/orders [33m401[0m 0.289 ms - 27[0m
[0mGET /api/admin/orders [33m401[0m 0.315 ms - 27[0m
[0mGET /api/admin/orders [33m401[0m 0.163 ms - 27[0m
[0mGET /api/admin/orders [33m401[0m 0.316 ms - 27[0m
[0mGET /api/admin/orders [33m401[0m 0.152 ms - 27[0m
Socket connected wcfRkUp6rlVNhYygAAAL
Socket disconnected wcfRkUp6rlVNhYygAAAL
[0mGET /api/admin/orders [33m401[0m 0.191 ms - 27[0m
[0mGET /api/admin/orders [33m401[0m 0.153 ms - 27[0m
Socket connected 3I2D8Jf7QDvOOsPOAAAO
Socket disconnected 3I2D8Jf7QDvOOsPOAAAO
[0mGET /api/admin/orders [33m401[0m 0.563 ms - 27[0m
Socket connected l8XgcvHlOUMJcVpXAAAR
[0mGET /api/admin/orders [33m401[0m 0.312 ms - 27[0m
Socket disconnected l8XgcvHlOUMJcVpXAAAR
[0mGET /api/admin/orders [33m401[0m 0.512 ms - 27[0m
Socket connected 4KWFolvBw4xh41hIAAAU
[0mGET /api/admin/orders [33m401[0m 0.230 ms - 27[0m
Socket disconnected 4KWFolvBw4xh41hIAAAU
[0mGET /api/admin/orders [33m401[0m 0.298 ms - 27[0m
[0mGET /api/admin/orders [33m401[0m 0.174 ms - 27[0m
Socket connected k5j3HWZ-CTvOMp95AAAX
Socket disconnected k5j3HWZ-CTvOMp95AAAX
[0mGET /api/admin/orders [33m401[0m 1.127 ms - 27[0m
Socket connected KGoGdr1Ri1KcJvdDAAAa
[0mGET /api/admin/orders [33m401[0m 0.210 ms - 27[0m
Socket disconnected KGoGdr1Ri1KcJvdDAAAa
[0mGET /api/admin/orders [33m401[0m 0.307 ms - 27[0m
[0mGET /api/admin/orders [33m401[0m 0.151 ms - 27[0m
Socket connected 3OUohkRQyc6qulSmAAAd
Socket disconnected 3OUohkRQyc6qulSmAAAd
[0mGET /api/admin/orders [33m401[0m 0.262 ms - 27[0m
[0mGET /api/admin/orders [33m401[0m 0.193 ms - 27[0m
Socket connected jxoF7Mkjs3oNpeRmAAAg
Socket disconnected jxoF7Mkjs3oNpeRmAAAg
[0mGET /api/admin/orders [33m401[0m 0.196 ms - 27[0m
[0mGET /api/admin/orders [33m401[0m 0.439 ms - 27[0m
Socket connected zifK_vnoPRXZF295AAAj
Socket disconnected zifK_vnoPRXZF295AAAj
[0mGET /api/admin/orders [33m401[0m 0.264 ms - 27[0m
[0mGET /api/admin/orders [33m401[0m 0.159 ms - 27[0m
Socket connected S-AoHyUcruOpFdUbAAAm
Socket disconnected S-AoHyUcruOpFdUbAAAm
[0mGET /api/admin/orders [33m401[0m 0.321 ms - 27[0m
[0mGET /api/admin/orders [33m401[0m 0.145 ms - 27[0m
Socket connected JgY2z9HaAJRF3L1jAAAp
Socket disconnected JgY2z9HaAJRF3L1jAAAp
[0mGET /api/admin/orders [33m401[0m 0.250 ms - 27[0m
[0mGET /api/admin/orders [33m401[0m 0.176 ms - 27[0m
Socket connected SUBWDx9YODw2wnh4AAAs
[0mGET /api/menu [36m304[0m 3.210 ms - -[0m
[0mGET /api/menu [36m304[0m 2.167 ms - -[0m
[0mPOST /api/orders [32m200[0m 5.340 ms - 257[0m
[0mGET /api/admin/orders [33m401[0m 0.438 ms - 27[0m
Socket disconnected SUBWDx9YODw2wnh4AAAs
[0mGET /api/admin/orders [33m401[0m 0.276 ms - 27[0m
[0mGET /api/admin/orders [33m401[0m 0.226 ms - 27[0m
Socket connected HCTFOtu5pF8vhD92AAAv
Socket disconnected HCTFOtu5pF8vhD92AAAv
[0mGET /api/admin/orders [33m401[0m 0.324 ms - 27[0m
[0mGET /api/admin/orders [33m401[0m 0.281 ms - 27[0m
Socket connected T0kITznEOTByCI0EAAAy
Socket disconnected T0kITznEOTByCI0EAAAy
[0mGET /api/admin/orders [33m401[0m 0.249 ms - 27[0m
Socket connected vgRebQIbi5dBgei_AAA1
[0mGET /api/admin/orders [33m401[0m 0.156 ms - 27[0m
[0mGET /api/menu [36m304[0m 4.499 ms - -[0m
[0mGET /api/menu [36m304[0m 4.507 ms - -[0m
Socket disconnected vgRebQIbi5dBgei_AAA1
[0mGET /api/admin/orders [33m401[0m 0.274 ms - 27[0m
[0mGET /api/admin/orders [33m401[0m 0.530 ms - 27[0m
Socket connected T-JsMaraBGbD7ui8AAA4
Socket disconnected T-JsMaraBGbD7ui8AAA4
[0mGET /api/admin/orders [33m401[0m 0.252 ms - 27[0m
[0mGET /api/admin/orders [33m401[0m 0.237 ms - 27[0m
Socket connected gqKyqQzByPZwJRTJAAA7
Socket disconnected gqKyqQzByPZwJRTJAAA7
[0mGET /api/admin/orders [33m401[0m 0.961 ms - 27[0m
Socket connected _S5dZ-tPgQSCwQTXAAA-
[0mGET /api/admin/orders [33m401[0m 0.201 ms - 27[0m
Socket disconnected _S5dZ-tPgQSCwQTXAAA-
[0mGET /api/admin/orders [33m401[0m 0.884 ms - 27[0m
Socket connected -7A43E3hjpboPVdtAABB
[0mGET /api/admin/orders [33m401[0m 0.208 ms - 27[0m
Socket disconnected -7A43E3hjpboPVdtAABB
[0mGET /api/admin/orders [33m401[0m 0.278 ms - 27[0m
[0mGET /api/admin/orders [33m401[0m 0.195 ms - 27[0m
Socket connected NWBb0k_5iKIUpHViAABE
Socket disconnected NWBb0k_5iKIUpHViAABE
[0mGET /api/admin/orders [33m401[0m 0.278 ms - 27[0m
[0mGET /api/admin/orders [33m401[0m 0.150 ms - 27[0m
Socket connected C0SYQ8UYLQleA9ojAABH
Socket disconnected C0SYQ8UYLQleA9ojAABH
[0mGET /api/admin/orders [33m401[0m 0.240 ms - 27[0m
[0mGET /api/admin/orders [33m401[0m 0.267 ms - 27[0m
Socket connected f_VUT3XxoalNAWA2AABK
Socket disconnected f_VUT3XxoalNAWA2AABK
[0mGET /api/admin/orders [33m401[0m 0.286 ms - 27[0m
[0mGET /api/admin/orders [33m401[0m 0.360 ms - 27[0m
Socket connected 4yrxJHbsiq8adAArAABN
Socket disconnected 4yrxJHbsiq8adAArAABN
[0mGET /api/admin/tables [33m401[0m 0.350 ms - 27[0m
[0mGET /api/admin/tables [33m401[0m 0.202 ms - 27[0m
[0mGET /api/admin/categories [33m401[0m 0.300 ms - 27[0m
[0mGET /api/admin/categories [33m401[0m 0.168 ms - 27[0m
[0mGET /api/admin/tables [33m401[0m 0.538 ms - 27[0m
[0mGET /api/admin/tables [33m401[0m 0.231 ms - 27[0m
[0mGET /api/admin/orders [33m401[0m 0.410 ms - 27[0m
[0mGET /api/admin/orders [33m401[0m 0.178 ms - 27[0m
Socket connected _uBbqEt6TzgnXX11AABQ
[0mGET /api/menu [36m304[0m 3.754 ms - -[0m
[0mGET /api/menu [36m304[0m 1.684 ms - -[0m
[0mGET /api/menu [36m304[0m 6.121 ms - -[0m
[0mGET /api/menu [36m304[0m 3.580 ms - -[0m
Socket disconnected _uBbqEt6TzgnXX11AABQ
[0mGET /api/admin/orders [33m401[0m 0.300 ms - 27[0m
[0mGET /api/admin/orders [33m401[0m 0.908 ms - 27[0m
Socket connected WvgTwCsq1fuvG_Z-AABT
Socket disconnected WvgTwCsq1fuvG_Z-AABT
[0mGET /api/admin/orders [33m401[0m 0.421 ms - 27[0m
[0mGET /api/admin/orders [33m401[0m 0.191 ms - 27[0m
Socket connected JDyJDJcjJZ737FGQAABW
Socket disconnected JDyJDJcjJZ737FGQAABW
[0mGET /api/admin/orders [33m401[0m 0.416 ms - 27[0m
[0mGET /api/admin/orders [33m401[0m 0.091 ms - 27[0m
Socket connected 2ZmbAq4EZHLimHaEAABZ
Socket disconnected 2ZmbAq4EZHLimHaEAABZ
[0mGET /api/admin/orders [33m401[0m 0.509 ms - 27[0m
[0mGET /api/admin/orders [33m401[0m 0.228 ms - 27[0m
[0mGET /api/admin/products [33m401[0m 0.370 ms - 27[0m
[0mGET /api/admin/categories [33m401[0m 0.191 ms - 27[0m
[0mGET /api/admin/products [33m401[0m 0.200 ms - 27[0m
[0mGET /api/admin/categories [33m401[0m 0.319 ms - 27[0m
[0mGET /api/admin/categories [33m401[0m 0.473 ms - 27[0m
[0mGET /api/admin/categories [33m401[0m 0.293 ms - 27[0m
[0mGET /api/admin/tables [33m401[0m 0.509 ms - 27[0m
[0mGET /api/admin/tables [33m401[0m 0.162 ms - 27[0m
[0mGET /api/menu [36m304[0m 4.549 ms - -[0m
[0mGET /api/menu [36m304[0m 4.329 ms - -[0m
[0mGET /api/menu [36m304[0m 5.975 ms - -[0m
[0mGET /api/menu [36m304[0m 3.177 ms - -[0m
[0mGET /api/menu [36m304[0m 7.139 ms - -[0m
[0mGET /api/menu [36m304[0m 3.733 ms - -[0m
[0mGET /api/menu [36m304[0m 5.521 ms - -[0m
[0mGET /api/menu [36m304[0m 2.976 ms - -[0m
[0mGET /api/admin/tables [33m401[0m 0.589 ms - 27[0m
[0mGET /api/admin/tables [33m401[0m 0.696 ms - 27[0m
[0mGET /api/admin/tables [33m401[0m 0.280 ms - 27[0m
[0mGET /api/admin/tables [33m401[0m 0.157 ms - 27[0m
[0mGET /api/admin/orders [33m401[0m 0.440 ms - 27[0m
Socket connected OjILI-CK5bwuJUsuAABc
[0mGET /api/admin/orders [33m401[0m 0.196 ms - 27[0m
Socket disconnected OjILI-CK5bwuJUsuAABc
[0mGET /api/admin/tables [33m401[0m 0.352 ms - 27[0m
[0mGET /api/admin/tables [33m401[0m 0.163 ms - 27[0m
[0mGET /api/admin/categories [33m401[0m 0.436 ms - 27[0m
[0mGET /api/admin/categories [33m401[0m 0.715 ms - 27[0m
[0mGET /api/admin/categories [33m401[0m 0.339 ms - 27[0m
[0mGET /api/admin/products [33m401[0m 0.233 ms - 27[0m
[0mGET /api/admin/categories [33m401[0m 0.144 ms - 27[0m
[0mGET /api/admin/products [33m401[0m 0.200 ms - 27[0m
[0mGET /api/admin/orders [33m401[0m 0.390 ms - 27[0m
[0mGET /api/admin/orders [33m401[0m 0.324 ms - 27[0m
[0mGET /api/menu [36m304[0m 4.723 ms - -[0m
[0mGET /api/menu [36m304[0m 3.421 ms - -[0m
[0mGET /api/admin/orders [33m401[0m 0.321 ms - 27[0m
[0mGET /api/admin/orders [33m401[0m 0.163 ms - 27[0m
[0mGET /api/admin/categories [33m401[0m 0.316 ms - 27[0m
[0mGET /api/admin/categories [33m401[0m 0.154 ms - 27[0m
[0mGET /api/admin/tables [33m401[0m 0.291 ms - 27[0m
[0mGET /api/admin/tables [33m401[0m 0.231 ms - 27[0m
[0mGET /api/admin/orders [33m401[0m 0.819 ms - 27[0m
[0mGET /api/admin/orders [33m401[0m 0.284 ms - 27[0m
Socket connected GRlA6wDddmisOWivAABf
Socket disconnected GRlA6wDddmisOWivAABf
[0mGET /api/admin/orders [33m401[0m 0.452 ms - 27[0m
[0mGET /api/admin/orders [33m401[0m 0.204 ms - 27[0m
[0mGET /api/menu [36m304[0m 5.013 ms - -[0m
[0mGET /api/menu [36m304[0m 5.401 ms - -[0m
[0mPOST /api/orders [32m200[0m 4.316 ms - 262[0m
[0mGET /api/admin/orders [33m401[0m 0.372 ms - 27[0m
[0mGET /api/admin/orders [33m401[0m 0.344 ms - 27[0m
[0mGET /api/admin/orders [33m401[0m 0.299 ms - 27[0m
[0mGET /api/admin/orders [33m401[0m 0.251 ms - 27[0m
[0mGET /api/admin/orders [33m401[0m 0.247 ms - 27[0m
[0mGET /api/admin/orders [33m401[0m 0.151 ms - 27[0m
Socket connected ee8T4EkZciv97yysAABi
Socket disconnected ee8T4EkZciv97yysAABi
[0mGET /api/admin/tables [33m401[0m 0.574 ms - 27[0m
[0mGET /api/admin/tables [33m401[0m 0.321 ms - 27[0m
[0mGET /api/admin/categories [33m401[0m 0.539 ms - 27[0m
[0mGET /api/admin/categories [33m401[0m 0.290 ms - 27[0m
[0mGET /api/admin/categories [33m401[0m 0.281 ms - 27[0m
[0mGET /api/admin/categories [33m401[0m 0.199 ms - 27[0m
[0mPOST /api/auth/login [32m200[0m 94.997 ms - 299[0m
[0mGET /api/admin/orders [33m401[0m 0.390 ms - 27[0m
[0mGET /api/admin/orders [33m401[0m 0.410 ms - 27[0m
Socket connected zpdUgWoHK_orGBr_AABk
Socket disconnected zpdUgWoHK_orGBr_AABk
[0mGET /api/admin/tables [33m401[0m 0.266 ms - 27[0m
[0mGET /api/admin/categories [33m401[0m 0.534 ms - 27[0m
[0mGET /api/menu [36m304[0m 4.218 ms - -[0m
[0mGET /api/menu [36m304[0m 2.854 ms - -[0m
[0mGET /api/menu [36m304[0m 4.504 ms - -[0m
[0mGET /api/menu [36m304[0m 1.828 ms - -[0m
[0mGET /api/menu [36m304[0m 5.653 ms - -[0m
[0mGET /api/menu [36m304[0m 4.566 ms - -[0m
[0mGET /api/menu [36m304[0m 4.672 ms - -[0m
[0mGET /api/menu [36m304[0m 3.166 ms - -[0m
[0mGET /api/menu [36m304[0m 5.149 ms - -[0m
[0mGET /api/menu [36m304[0m 2.929 ms - -[0m
[0mGET /api/menu [36m304[0m 6.800 ms - -[0m
[0mGET /api/menu [36m304[0m 3.048 ms - -[0m
[0mGET /api/menu [36m304[0m 4.959 ms - -[0m
[0mGET /api/menu [36m304[0m 4.037 ms - -[0m
[0mGET /api/menu [36m304[0m 6.034 ms - -[0m
[0mGET /api/menu [36m304[0m 3.200 ms - -[0m
[0mGET /api/menu [36m304[0m 5.705 ms - -[0m
[0mGET /api/menu [36m304[0m 5.301 ms - -[0m
[0mGET /api/menu [36m304[0m 6.343 ms - -[0m
[0mGET /api/menu [36m304[0m 3.834 ms - -[0m
[0mGET /api/menu [36m304[0m 3.615 ms - -[0m
[0mGET /api/menu [36m304[0m 2.400 ms - -[0m
[0mGET /api/menu [36m304[0m 5.050 ms - -[0m
[0mGET /api/menu [36m304[0m 2.874 ms - -[0m
[0mPOST /api/auth/login [32m200[0m 97.439 ms - 299[0m
[0mGET /api/admin/orders [33m401[0m 0.184 ms - 27[0m
[0mGET /api/menu [36m304[0m 2.440 ms - -[0m
[0mGET /api/menu [36m304[0m 3.018 ms - -[0m
[0mGET /api/menu [36m304[0m 4.799 ms - -[0m
[0mGET /api/menu [36m304[0m 3.661 ms - -[0m
[0mGET /api/menu [36m304[0m 2.694 ms - -[0m
[0mGET /api/menu [36m304[0m 1.338 ms - -[0m
[0mGET /api/admin/orders [33m401[0m 0.354 ms - 27[0m
[0mGET /api/admin/orders [33m401[0m 0.307 ms - 27[0m
[0mGET /api/admin/orders [33m401[0m 0.403 ms - 27[0m
[0mGET /api/admin/orders [33m401[0m 0.153 ms - 27[0m
[0mGET /api/admin/orders [33m401[0m 0.268 ms - 27[0m
[0mGET /api/admin/orders [33m401[0m 0.197 ms - 27[0m
[0mGET /api/admin/orders [33m401[0m 0.281 ms - 27[0m
[0mGET /api/admin/orders [33m401[0m 0.144 ms - 27[0m
[0mGET /api/menu [36m304[0m 4.645 ms - -[0m
[0mGET /api/menu [36m304[0m 3.546 ms - -[0m
[0mGET /api/menu [36m304[0m 5.905 ms - -[0m
[0mGET /api/menu [36m304[0m 3.109 ms - -[0m
[0mGET /api/menu [36m304[0m 4.404 ms - -[0m
[0mGET /api/menu [36m304[0m 1.712 ms - -[0m
[0mGET /api/menu [36m304[0m 5.214 ms - -[0m
[0mGET /api/menu [36m304[0m 2.305 ms - -[0m
[0mGET /api/menu [36m304[0m 5.499 ms - -[0m
[0mGET /api/menu [36m304[0m 2.888 ms - -[0m
[0mGET /api/menu [36m304[0m 4.342 ms - -[0m
[0mGET /api/menu [36m304[0m 3.618 ms - -[0m
[0mGET /api/admin/orders [33m401[0m 0.210 ms - 27[0m
[0mGET /api/admin/orders [33m401[0m 0.298 ms - 27[0m
[0mGET /api/admin/orders [33m401[0m 0.664 ms - 27[0m
[0mGET /api/admin/orders [33m401[0m 0.908 ms - 27[0m
[0mGET /api/admin/orders [33m401[0m 0.283 ms - 27[0m
[0mGET /api/admin/orders [33m401[0m 0.299 ms - 27[0m
[0mGET /api/admin/orders [33m401[0m 0.888 ms - 27[0m
[0mGET /api/admin/orders [33m401[0m 0.164 ms - 27[0m
[0mGET /api/menu [36m304[0m 5.505 ms - -[0m
[0mGET /api/menu [36m304[0m 3.573 ms - -[0m
[0mGET /api/menu [36m304[0m 4.695 ms - -[0m
[0mGET /api/menu [36m304[0m 2.680 ms - -[0m
[0mGET /api/menu [36m304[0m 5.759 ms - -[0m
[0mGET /api/menu [36m304[0m 3.432 ms - -[0m
[0mGET /api/menu [36m304[0m 5.504 ms - -[0m
[0mGET /api/menu [36m304[0m 3.361 ms - -[0m
[0mGET /api/menu [36m304[0m 4.483 ms - -[0m
[0mGET /api/menu [36m304[0m 3.445 ms - -[0m
[0mGET /api/menu [36m304[0m 5.344 ms - -[0m
[0mGET /api/menu [36m304[0m 2.907 ms - -[0m
[0mGET /api/menu [36m304[0m 5.259 ms - -[0m
[0mGET /api/menu [36m304[0m 4.803 ms - -[0m
[0mPOST /api/orders [32m200[0m 4.472 ms - 259[0m
[0mGET /api/menu [36m304[0m 7.164 ms - -[0m
[0mGET /api/menu [36m304[0m 4.591 ms - -[0m
[0mGET /api/menu [36m304[0m 2.502 ms - -[0m
[0mGET /api/menu [36m304[0m 1.530 ms - -[0m
[0mGET /api/menu [36m304[0m 4.010 ms - -[0m
[0mGET /api/menu [36m304[0m 2.730 ms - -[0m
[0mGET /api/menu [36m304[0m 4.404 ms - -[0m
[0mGET /api/menu [36m304[0m 2.731 ms - -[0m
[0mGET /api/admin/orders [33m401[0m 0.343 ms - 27[0m
[0mGET /api/admin/orders [33m401[0m 0.581 ms - 27[0m
[0mGET /api/menu [36m304[0m 7.194 ms - -[0m
[0mGET /api/menu [36m304[0m 5.204 ms - -[0m
[0mGET /api/menu [36m304[0m 2.619 ms - -[0m
[0mGET /api/menu [36m304[0m 3.586 ms - -[0m
[0mGET /api/menu [36m304[0m 3.706 ms - -[0m
[0mGET /api/menu [36m304[0m 6.065 ms - -[0m
[0mGET /api/menu [36m304[0m 2.611 ms - -[0m
[0mGET /api/menu [36m304[0m 4.389 ms - -[0m
[0mGET /api/menu [36m304[0m 2.579 ms - -[0m
[0mGET /api/menu [36m304[0m 6.196 ms - -[0m
[0mGET /api/menu [36m304[0m 2.692 ms - -[0m
[0mGET /api/menu [36m304[0m 3.960 ms - -[0m
[0mGET /api/menu [36m304[0m 1.686 ms - -[0m
[0mGET /api/admin/orders [33m401[0m 0.289 ms - 27[0m
[0mGET /api/admin/orders [33m401[0m 0.283 ms - 27[0m
[0mGET /api/admin/orders [33m401[0m 0.530 ms - 27[0m
[0mGET /api/admin/orders [33m401[0m 0.263 ms - 27[0m
[0mGET /api/admin/orders [33m401[0m 0.553 ms - 27[0m
[0mGET /api/admin/orders [33m401[0m 0.197 ms - 27[0m
[0mGET /api/admin/categories [33m401[0m 0.603 ms - 27[0m
[0mGET /api/admin/products [33m401[0m 0.248 ms - 27[0m
[0mGET /api/admin/categories [33m401[0m 0.132 ms - 27[0m
[0mGET /api/admin/products [33m401[0m 0.177 ms - 27[0m
[0mGET /api/admin/categories [33m401[0m 0.341 ms - 27[0m
[0mGET /api/admin/categories [33m401[0m 0.187 ms - 27[0m
[0mGET /api/admin/products [33m401[0m 0.375 ms - 27[0m
[0mGET /api/admin/categories [33m401[0m 0.171 ms - 27[0m
[0mGET /api/admin/products [33m401[0m 0.278 ms - 27[0m
[0mGET /api/admin/categories [33m401[0m 0.169 ms - 27[0m
[0mGET /api/admin/orders [33m401[0m 0.284 ms - 27[0m
[0mGET /api/admin/orders [33m401[0m 0.149 ms - 27[0m
Socket connected 1Ppe7dFOqr2Mlg_ZAABn
Socket disconnected 1Ppe7dFOqr2Mlg_ZAABn
[0mGET /api/admin/orders [33m401[0m 0.376 ms - 27[0m
[0mGET /api/admin/orders [33m401[0m 0.463 ms - 27[0m
Socket connected wKivkFl7YDP7HA_mAABq
[0mGET /api/menu [36m304[0m 8.769 ms - -[0m
[0mGET /api/menu [36m304[0m 5.089 ms - -[0m
Socket disconnected wKivkFl7YDP7HA_mAABq
[0mGET /api/admin/orders [33m401[0m 0.405 ms - 27[0m
[0mGET /api/admin/orders [33m401[0m 0.183 ms - 27[0m
Socket connected _OKHqZT2XYxsBpjzAABt
[0mGET /api/menu [36m304[0m 18.582 ms - -[0m
[0mGET /api/menu [36m304[0m 2.006 ms - -[0m
